{"level":"info","message":"[mb:2525] mountebank v1.9.0 now taking orders - point your browser to http://localhost:2525 for help","timestamp":"2017-03-23T23:41:26.816Z"}
{"level":"info","message":"[mb:2525] GET /imposters","timestamp":"2017-03-23T23:42:56.372Z"}
{"level":"info","message":"[mb:2525] POST /imposters","timestamp":"2017-03-23T23:43:46.353Z"}
{"level":"info","message":"[http:3333] Open for business...","timestamp":"2017-03-23T23:43:46.360Z"}
{"level":"info","message":"[http:3333] ::1:58010 => GET /imageB","timestamp":"2017-03-23T23:43:56.313Z"}
{"level":"info","message":"[http:3333] ::1:58011 => GET /favicon.ico","timestamp":"2017-03-23T23:43:56.358Z"}
{"level":"info","message":"[mb:2525] POST /imposters","timestamp":"2017-03-23T23:44:22.343Z"}
{"level":"info","message":"[http:3334] Open for business...","timestamp":"2017-03-23T23:44:22.344Z"}
{"level":"info","message":"[http:3334] ::1:58015 => GET /imageB","timestamp":"2017-03-23T23:44:26.666Z"}
{"level":"info","message":"[http:3334] ::1:58016 => GET /favicon.ico","timestamp":"2017-03-23T23:44:26.683Z"}
{"level":"error","message":"[http:3334] ::1:58166 transmission error X=> {\"bytesParsed\":0,\"code\":\"HPE_INVALID_METHOD\"}","timestamp":"2017-03-24T00:01:18.429Z"}
{"level":"error","message":"[http:3334] ::1:58167 transmission error X=> {\"bytesParsed\":0,\"code\":\"HPE_INVALID_METHOD\"}","timestamp":"2017-03-24T00:01:18.431Z"}
{"level":"error","message":"[http:3334] ::1:58168 transmission error X=> {\"bytesParsed\":0,\"code\":\"HPE_INVALID_METHOD\"}","timestamp":"2017-03-24T00:01:18.568Z"}
{"level":"error","message":"[http:3334] ::1:58169 transmission error X=> {\"bytesParsed\":0,\"code\":\"HPE_INVALID_METHOD\"}","timestamp":"2017-03-24T00:01:18.569Z"}
{"level":"error","message":"[http:3334] ::1:58170 transmission error X=> {\"bytesParsed\":0,\"code\":\"HPE_INVALID_METHOD\"}","timestamp":"2017-03-24T00:01:18.651Z"}
{"level":"error","message":"[http:3334] ::1:58171 transmission error X=> {\"bytesParsed\":0,\"code\":\"HPE_INVALID_METHOD\"}","timestamp":"2017-03-24T00:01:18.651Z"}
{"level":"info","message":"[http:3334] ::1:58172 => GET /imageB","timestamp":"2017-03-24T00:01:21.562Z"}
{"level":"info","message":"[http:3334] ::1:58173 => GET /favicon.ico","timestamp":"2017-03-24T00:01:21.599Z"}
{"level":"info","message":"[http:3334] ::1:58286 => GET /imageB","timestamp":"2017-03-24T00:07:17.598Z"}
{"level":"info","message":"[http:3334] ::1:58287 => GET /imageB","timestamp":"2017-03-24T00:07:17.612Z"}
{"level":"info","message":"[http:3334] ::1:58293 => GET /imageB","timestamp":"2017-03-24T00:08:11.377Z"}
{"level":"info","message":"[http:3334] ::1:58294 => GET /imageB","timestamp":"2017-03-24T00:08:11.393Z"}
{"level":"info","message":"[http:3334] ::1:58297 => GET /imageB","timestamp":"2017-03-24T00:08:12.235Z"}
{"level":"info","message":"[http:3334] ::1:58304 => GET /imageB","timestamp":"2017-03-24T00:08:37.858Z"}
{"level":"info","message":"[http:3334] ::1:58305 => GET /imageB","timestamp":"2017-03-24T00:08:37.897Z"}
{"level":"info","message":"[http:3334] ::1:58310 => GET /imageB","timestamp":"2017-03-24T00:08:40.782Z"}
{"level":"info","message":"[http:3334] ::1:58313 => GET /imageB","timestamp":"2017-03-24T00:08:44.934Z"}
{"level":"info","message":"[http:3334] ::1:58326 => GET /imageB","timestamp":"2017-03-24T00:11:09.073Z"}
{"level":"info","message":"[http:3334] ::1:58327 => GET /imageB","timestamp":"2017-03-24T00:11:09.135Z"}
{"level":"info","message":"[http:3334] ::1:58332 => GET /imageB","timestamp":"2017-03-24T00:11:11.488Z"}
{"level":"info","message":"[http:3334] ::1:58335 => GET /imageB","timestamp":"2017-03-24T00:11:15.526Z"}
{"level":"info","message":"[http:3334] ::1:58340 => GET /imageB","timestamp":"2017-03-24T00:12:29.687Z"}
{"level":"info","message":"[http:3334] ::1:58341 => GET /imageB","timestamp":"2017-03-24T00:12:29.699Z"}
{"level":"info","message":"[http:3334] ::1:58346 => GET /imageB","timestamp":"2017-03-24T00:12:31.537Z"}
{"level":"info","message":"[http:3334] ::1:58349 => GET /imageB","timestamp":"2017-03-24T00:12:34.020Z"}
{"level":"info","message":"[http:3334] ::1:58352 => GET /imageB","timestamp":"2017-03-24T00:12:34.504Z"}
{"level":"info","message":"[http:3334] ::1:58355 => GET /imageB","timestamp":"2017-03-24T00:12:34.977Z"}
{"level":"info","message":"[http:3334] ::1:58358 => GET /imageB","timestamp":"2017-03-24T00:12:40.110Z"}
{"level":"info","message":"[http:3334] ::1:58361 => GET /imageB","timestamp":"2017-03-24T00:12:40.155Z"}
{"level":"info","message":"[http:3334] ::1:58364 => GET /imageB","timestamp":"2017-03-24T00:12:42.342Z"}
{"level":"info","message":"[http:3334] ::1:58367 => GET /imageB","timestamp":"2017-03-24T00:12:43.050Z"}
{"level":"info","message":"[http:3334] ::1:58370 => GET /imageB","timestamp":"2017-03-24T00:12:43.284Z"}
{"level":"info","message":"[http:3334] ::1:58373 => GET /imageB","timestamp":"2017-03-24T00:12:43.554Z"}
{"level":"info","message":"[http:3334] ::1:58376 => GET /imageB","timestamp":"2017-03-24T00:12:43.764Z"}
{"level":"info","message":"[http:3334] ::1:58496 => GET /imageB","timestamp":"2017-03-24T00:19:14.505Z"}
{"level":"info","message":"[http:3334] ::1:58499 => GET /imageB","timestamp":"2017-03-24T00:19:14.545Z"}
{"level":"info","message":"[http:3334] ::1:58509 => GET /imageB","timestamp":"2017-03-24T00:19:19.942Z"}
{"level":"info","message":"[http:3334] ::1:58512 => GET /imageB","timestamp":"2017-03-24T00:19:33.803Z"}
{"level":"info","message":"[http:3334] ::1:58513 => GET /imageB","timestamp":"2017-03-24T00:19:33.830Z"}
{"level":"info","message":"[http:3334] ::1:58516 => GET /imageB","timestamp":"2017-03-24T00:19:33.973Z"}
{"level":"info","message":"[http:3334] ::1:58528 => OPTIONS /imageB","timestamp":"2017-03-24T00:20:23.117Z"}
{"level":"info","message":"[http:3334] ::1:58529 => OPTIONS /imageB","timestamp":"2017-03-24T00:20:23.133Z"}
{"level":"info","message":"[http:3334] ::1:58534 => OPTIONS /imageB","timestamp":"2017-03-24T00:20:28.074Z"}
{"level":"info","message":"[http:3334] ::1:58599 => OPTIONS /imageB","timestamp":"2017-03-24T00:24:07.473Z"}
{"level":"info","message":"[http:3334] ::1:58600 => OPTIONS /imageB","timestamp":"2017-03-24T00:24:07.496Z"}
{"level":"info","message":"[http:3334] ::1:58605 => OPTIONS /imageB","timestamp":"2017-03-24T00:24:09.699Z"}
{"level":"info","message":"[http:3334] ::1:58610 => OPTIONS /imageB","timestamp":"2017-03-24T00:24:19.371Z"}
{"level":"info","message":"[http:3334] ::1:58613 => OPTIONS /imageB","timestamp":"2017-03-24T00:24:19.416Z"}
{"level":"info","message":"[http:3334] ::1:58640 => OPTIONS /imageB","timestamp":"2017-03-24T00:26:38.402Z"}
{"level":"info","message":"[http:3334] ::1:58643 => OPTIONS /imageB","timestamp":"2017-03-24T00:26:38.450Z"}
{"level":"info","message":"[http:3334] ::1:58648 => GET /imageB","timestamp":"2017-03-24T00:27:04.946Z"}
{"level":"info","message":"[http:3334] ::1:58651 => GET /imageB","timestamp":"2017-03-24T00:27:04.988Z"}
{"level":"info","message":"[http:3334] ::1:58656 => GET /imageB","timestamp":"2017-03-24T00:28:23.316Z"}
{"level":"info","message":"[http:3334] ::1:58659 => GET /imageB","timestamp":"2017-03-24T00:28:23.362Z"}
{"level":"info","message":"[http:3334] ::1:58663 => GET /imageB","timestamp":"2017-03-24T00:29:05.207Z"}
{"level":"info","message":"[http:3334] ::1:58666 => GET /imageB","timestamp":"2017-03-24T00:29:05.270Z"}
{"level":"info","message":"[http:3334] ::1:58669 => GET /imageB","timestamp":"2017-03-24T00:29:06.947Z"}
{"level":"info","message":"[http:3334] ::1:58674 => GET /imageB","timestamp":"2017-03-24T00:30:19.699Z"}
{"level":"info","message":"[http:3334] ::1:58677 => GET /imageB","timestamp":"2017-03-24T00:30:19.770Z"}
{"level":"info","message":"[http:3334] ::1:58680 => GET /imageB","timestamp":"2017-03-24T00:30:28.485Z"}
{"level":"info","message":"[http:3334] ::1:58683 => GET /imageB","timestamp":"2017-03-24T00:30:28.552Z"}
{"level":"info","message":"[http:3334] ::1:58688 => GET /imageB","timestamp":"2017-03-24T00:31:00.250Z"}
{"level":"info","message":"[http:3334] ::1:58706 => GET /imageB","timestamp":"2017-03-24T00:33:04.099Z"}
{"level":"info","message":"[http:3334] ::1:58709 => GET /imageB","timestamp":"2017-03-24T00:33:04.183Z"}
{"level":"info","message":"[http:3334] ::1:58712 => GET /imageB","timestamp":"2017-03-24T00:33:09.942Z"}
{"level":"info","message":"[http:3334] ::1:58715 => GET /imageB","timestamp":"2017-03-24T00:33:10.023Z"}
{"level":"info","message":"[http:3334] ::1:58718 => GET /imageB","timestamp":"2017-03-24T00:33:14.574Z"}
{"level":"info","message":"[http:3334] ::1:58721 => GET /imageB","timestamp":"2017-03-24T00:33:14.685Z"}
{"level":"info","message":"[http:3334] ::1:58724 => GET /imageB","timestamp":"2017-03-24T00:33:17.131Z"}
{"level":"info","message":"[http:3334] ::1:58727 => GET /imageB","timestamp":"2017-03-24T00:33:17.257Z"}
{"level":"info","message":"[http:3334] ::1:58730 => OPTIONS /imageB","timestamp":"2017-03-24T00:33:27.367Z"}
{"level":"info","message":"[http:3334] ::1:58731 => OPTIONS /imageB","timestamp":"2017-03-24T00:33:27.372Z"}
{"level":"info","message":"[http:3334] ::1:58736 => OPTIONS /imageB","timestamp":"2017-03-24T00:33:38.960Z"}
{"level":"info","message":"[http:3334] ::1:58740 => OPTIONS /imageB","timestamp":"2017-03-24T00:33:57.075Z"}
{"level":"info","message":"[http:3334] ::1:58741 => OPTIONS /imageB","timestamp":"2017-03-24T00:33:57.086Z"}
{"level":"info","message":"[http:3334] ::1:58742 => OPTIONS /imageB","timestamp":"2017-03-24T00:33:57.213Z"}
{"level":"info","message":"[http:3334] ::1:58747 => GET /imageB","timestamp":"2017-03-24T00:34:00.282Z"}
{"level":"info","message":"[http:3334] ::1:58748 => GET /imageB","timestamp":"2017-03-24T00:34:00.296Z"}
{"level":"info","message":"[http:3334] ::1:58755 => GET /imageB","timestamp":"2017-03-24T00:35:21.803Z"}
{"level":"info","message":"[http:3334] ::1:58756 => GET /imageB","timestamp":"2017-03-24T00:35:21.805Z"}
{"level":"info","message":"[http:3334] ::1:58761 => GET /imageB","timestamp":"2017-03-24T00:35:24.296Z"}
{"level":"info","message":"[http:3334] ::1:58764 => GET /imageB","timestamp":"2017-03-24T00:35:28.865Z"}
{"level":"info","message":"[http:3334] ::1:58767 => GET /imageB","timestamp":"2017-03-24T00:35:35.554Z"}
{"level":"info","message":"[http:3334] ::1:58770 => GET /imageB","timestamp":"2017-03-24T00:35:49.068Z"}
{"level":"info","message":"[http:3334] ::1:58771 => GET /imageB","timestamp":"2017-03-24T00:35:49.083Z"}
